<?xml version='1.0' encoding='UTF-8'?>
<result>
  <suites>
    <suite>
      <file>/var/ci/5/tests5.xml</file>
      <name>SampleTest</name>
      <duration>5.56E-4</duration>
      <cases>
        <case>
          <duration>5.56E-4</duration>
          <className>SampleTest</className>
          <testName>itPasses</testName>
          <skipped>false</skipped>
          <failedSince>0</failedSince>
        </case>
      </cases>
    </suite>
  </suites>
  <duration>5.56E-4</duration>
  <keepLongStdio>false</keepLongStdio>
</result>